<?xml version="1.0" encoding="UTF-8"?>
<!-- Generated by org.testng.reporters.JUnitReportReporter -->
<testsuite hostname="DESKTOP-32V0L9N" failures="0" tests="1" name="com.wipro.dropdown.TestScenario3_Dropdown" time="6.068" errors="0" timestamp="2023-05-19T12:43:33 IST" skipped="0">
  <testcase classname="com.wipro.dropdown.TestScenario3_Dropdown" name="FBluanch" time="6.068"/>
  <system-out/>
</testsuite> <!-- com.wipro.dropdown.TestScenario3_Dropdown -->
