<?xml version="1.0" encoding="UTF-8"?>
<!-- Generated by org.testng.reporters.JUnitReportReporter -->
<testsuite hostname="DESKTOP-32V0L9N" failures="0" tests="1" name="com.wipro.dropdown.TestCase2" time="5.442" errors="0" timestamp="2023-05-19T11:48:19 IST" skipped="0">
  <testcase classname="com.wipro.dropdown.TestCase2" name="FBlaunch" time="5.442"/>
  <system-out/>
</testsuite> <!-- com.wipro.dropdown.TestCase2 -->
