<?xml version="1.0" encoding="UTF-8"?>
<!-- Generated by org.testng.reporters.JUnitReportReporter -->
<testsuite hostname="DESKTOP-32V0L9N" failures="0" tests="1" name="com.wipro.dropdown.FacebookDD" time="46.101" errors="0" timestamp="2023-05-19T12:09:26 IST" skipped="0">
  <testcase classname="com.wipro.dropdown.FacebookDD" name="FBluanch" time="46.101"/>
  <system-out/>
</testsuite> <!-- com.wipro.dropdown.FacebookDD -->
