<?xml version="1.0" encoding="UTF-8"?>
<!-- Generated by org.testng.reporters.JUnitReportReporter -->
<testsuite hostname="DESKTOP-32V0L9N" failures="0" tests="1" name="com.wipro.locator.LinkTextandPartialLink" time="55.783" errors="0" timestamp="2023-05-19T10:26:33 IST" skipped="0">
  <testcase classname="com.wipro.locator.LinkTextandPartialLink" name="linkTest" time="55.783"/>
  <system-out/>
</testsuite> <!-- com.wipro.locator.LinkTextandPartialLink -->
